<?xml version="1.0" encoding="UTF-8"?>
<!-- Generated by org.testng.reporters.JUnitReportReporter -->
<testsuite skipped="0" hostname="MahaHameed-PC" name="com.crm.qa.testcases.HomePageTest" tests="2" failures="0" timestamp="01 Jun 2020 19:55:26 GMT" time="23.730" errors="0">
  <testcase name="verifyHomePageTitleTest" time="11.125" classname="com.crm.qa.testcases.HomePageTest"/>
  <testcase name="verifyUserNameTitleTest" time="12.605" classname="com.crm.qa.testcases.HomePageTest"/>
</testsuite> <!-- com.crm.qa.testcases.HomePageTest -->
