<?xml version="1.0" encoding="UTF-8"?>
<!-- Generated by org.testng.reporters.JUnitReportReporter -->
<testsuite skipped="0" hostname="MahaHameed-PC" name="com.crm.qa.testcases.HomePageTest" tests="2" failures="0" timestamp="05 Jun 2020 19:44:48 GMT" time="25.559" errors="0">
  <testcase name="verifyHomePageTitleTest" time="11.294" classname="com.crm.qa.testcases.HomePageTest"/>
  <testcase name="verifyUserNameTitleTest" time="14.265" classname="com.crm.qa.testcases.HomePageTest"/>
</testsuite> <!-- com.crm.qa.testcases.HomePageTest -->
