<?xml version="1.0" encoding="UTF-8"?>
<!-- Generated by org.testng.reporters.JUnitReportReporter -->
<testsuite skipped="0" hostname="MahaHameed-PC" name="com.crm.qa.testcases.HomePageTest" tests="2" failures="0" timestamp="06 Jun 2020 21:00:48 GMT" time="29.754" errors="0">
  <testcase name="verifyHomePageTitleTest" time="15.401" classname="com.crm.qa.testcases.HomePageTest"/>
  <testcase name="verifyUserNameTitleTest" time="14.353" classname="com.crm.qa.testcases.HomePageTest"/>
</testsuite> <!-- com.crm.qa.testcases.HomePageTest -->
