<?xml version="1.0" encoding="UTF-8"?>
<!-- Generated by org.testng.reporters.JUnitReportReporter -->
<testsuite skipped="0" hostname="MahaHameed-PC" name="com.crm.qa.testcases.LoginPageTest" tests="2" failures="0" timestamp="01 Jun 2020 19:55:26 GMT" time="23.599" errors="0">
  <testcase name="getTitleForMainPage" time="12.890" classname="com.crm.qa.testcases.LoginPageTest"/>
  <testcase name="loginCRMTest" time="10.709" classname="com.crm.qa.testcases.LoginPageTest"/>
</testsuite> <!-- com.crm.qa.testcases.LoginPageTest -->
