<?xml version="1.0" encoding="UTF-8"?>
<!-- Generated by org.testng.reporters.JUnitReportReporter -->
<testsuite skipped="0" hostname="MahaHameed-PC" name="com.crm.qa.testcases.LoginPageTest" tests="2" failures="0" timestamp="05 Jun 2020 20:15:07 GMT" time="21.906" errors="0">
  <testcase name="getTitleForMainPage" time="9.885" classname="com.crm.qa.testcases.LoginPageTest"/>
  <testcase name="loginCRMTest" time="12.021" classname="com.crm.qa.testcases.LoginPageTest"/>
</testsuite> <!-- com.crm.qa.testcases.LoginPageTest -->
