<?xml version="1.0" encoding="UTF-8"?>
<!-- Generated by org.testng.reporters.JUnitReportReporter -->
<testsuite skipped="0" hostname="MahaHameed-PC" name="com.crm.qa.testcases.LoginPageTest" tests="2" failures="0" timestamp="06 Jun 2020 21:00:48 GMT" time="26.670" errors="0">
  <testcase name="getTitleForMainPage" time="8.462" classname="com.crm.qa.testcases.LoginPageTest"/>
  <testcase name="loginCRMTest" time="18.208" classname="com.crm.qa.testcases.LoginPageTest"/>
</testsuite> <!-- com.crm.qa.testcases.LoginPageTest -->
