<?xml version="1.0" encoding="UTF-8"?>
<!-- Generated by org.testng.reporters.JUnitReportReporter -->
<testsuite skipped="0" hostname="MahaHameed-PC" name="com.crm.qa.testcases.HomePageTest" tests="2" failures="0" timestamp="01 Jun 2020 20:29:44 GMT" time="41.543" errors="0">
  <testcase name="verifyHomePageTitleTest" time="26.979" classname="com.crm.qa.testcases.HomePageTest"/>
  <testcase name="verifyUserNameTitleTest" time="14.564" classname="com.crm.qa.testcases.HomePageTest"/>
</testsuite> <!-- com.crm.qa.testcases.HomePageTest -->
