<?xml version="1.0" encoding="UTF-8"?>
<!-- Generated by org.testng.reporters.JUnitReportReporter -->
<testsuite skipped="0" hostname="MahaHameed-PC" name="com.crm.qa.testcases.LoginPageTest" tests="2" failures="0" timestamp="01 Jun 2020 20:29:44 GMT" time="23.117" errors="0">
  <testcase name="getTitleForMainPage" time="8.089" classname="com.crm.qa.testcases.LoginPageTest"/>
  <testcase name="loginCRMTest" time="15.028" classname="com.crm.qa.testcases.LoginPageTest"/>
</testsuite> <!-- com.crm.qa.testcases.LoginPageTest -->
