<?xml version="1.0" encoding="UTF-8"?>
<!-- Generated by org.testng.reporters.JUnitReportReporter -->
<testsuite skipped="0" hostname="MahaHameed-PC" name="com.crm.qa.testcases.LoginPageTest" tests="2" failures="0" timestamp="05 Jun 2020 19:53:53 GMT" time="22.961" errors="0">
  <testcase name="getTitleForMainPage" time="8.500" classname="com.crm.qa.testcases.LoginPageTest"/>
  <testcase name="loginCRMTest" time="14.461" classname="com.crm.qa.testcases.LoginPageTest"/>
</testsuite> <!-- com.crm.qa.testcases.LoginPageTest -->
